[ 2013-10-25T10:23:46+08:00 ] 127.0.0.1 /phpDemo/index.php/Index/index
INFO: [ route_check ] --START--
INFO: CheckRoute Behavior ::run [ RunTime:0.004938s ]
INFO: [ route_check ] --END-- [ RunTime:0.007731s ]
INFO: [ app_begin ] --START--
INFO: ReadHtmlCache Behavior ::run [ RunTime:0.001637s ]
INFO: [ app_begin ] --END-- [ RunTime:0.001749s ]

[ 2013-10-25T10:24:01+08:00 ] 127.0.0.1 /phpDemo/index.php/Index/index
INFO: [ route_check ] --START--
INFO: CheckRoute Behavior ::run [ RunTime:0.001517s ]
INFO: [ route_check ] --END-- [ RunTime:0.001663s ]
INFO: [ app_begin ] --START--
INFO: ReadHtmlCache Behavior ::run [ RunTime:0.001446s ]
INFO: [ app_begin ] --END-- [ RunTime:0.001570s ]

[ 2013-10-25T14:28:57+08:00 ] 127.0.0.1 /phpDemo/?m=index&a=index
INFO: [ app_begin ] --START--
INFO: ReadHtmlCache Behavior ::run [ RunTime:0.003282s ]
INFO: [ app_begin ] --END-- [ RunTime:0.004180s ]
ERR: 无法加载模块:index

[ 2013-10-25T14:29:17+08:00 ] 127.0.0.1 /phpDemo/?m=Index&a=index
INFO: [ app_begin ] --START--
INFO: ReadHtmlCache Behavior ::run [ RunTime:0.001441s ]
INFO: [ app_begin ] --END-- [ RunTime:0.001602s ]

[ 2013-10-25T14:34:08+08:00 ] 127.0.0.1 /phpDemo/index.php/Index/index
INFO: [ route_check ] --START--
INFO: CheckRoute Behavior ::run [ RunTime:0.005842s ]
INFO: [ route_check ] --END-- [ RunTime:0.005996s ]
INFO: [ app_begin ] --START--
INFO: ReadHtmlCache Behavior ::run [ RunTime:0.001702s ]
INFO: [ app_begin ] --END-- [ RunTime:0.001808s ]

[ 2013-10-25T21:30:47+08:00 ] 127.0.0.1 /phpDemo/?m=Index&a=index
INFO: [ app_begin ] --START--
INFO: ReadHtmlCache Behavior ::run [ RunTime:0.002714s ]
INFO: [ app_begin ] --END-- [ RunTime:0.003335s ]
INFO: [ view_parse ] --START--
INFO: ParseTemplate Behavior ::run [ RunTime:0.020468s ]
INFO: [ view_parse ] --END-- [ RunTime:0.020630s ]
INFO: [ view_filter ] --START--
INFO: ContentReplace Behavior ::run [ RunTime:0.001760s ]
INFO: TokenBuild Behavior ::run [ RunTime:0.001792s ]
INFO: WriteHtmlCache Behavior ::run [ RunTime:0.001865s ]
INFO: ShowRuntime Behavior ::run [ RunTime:0.002201s ]
INFO: [ view_filter ] --END-- [ RunTime:0.007976s ]
INFO: [ view_end ] --START--
INFO: ShowPageTrace Behavior ::run [ RunTime:0.002047s ]
INFO: [ view_end ] --END-- [ RunTime:0.002137s ]

[ 2013-10-25T21:43:36+08:00 ] 127.0.0.1 /phpDemo/?m=Index&a=show
INFO: [ app_begin ] --START--
INFO: ReadHtmlCache Behavior ::run [ RunTime:0.002403s ]
INFO: [ app_begin ] --END-- [ RunTime:0.002560s ]
NOTIC: [2048] Declaration of IndexAction::show() should be compatible with that of Action::show() E:\xampp\htdocs\phpDemo\Home\Lib\Action\IndexAction.class.php 第 40 行.
ERR: Unknown database 'thinkphp'

[ 2013-10-25T21:44:33+08:00 ] 127.0.0.1 /phpDemo/?m=Index&a=show
INFO: [ app_begin ] --START--
INFO: ReadHtmlCache Behavior ::run [ RunTime:0.002250s ]
INFO: [ app_begin ] --END-- [ RunTime:0.002385s ]
NOTIC: [2048] Declaration of IndexAction::show() should be compatible with that of Action::show() E:\xampp\htdocs\phpDemo\Home\Lib\Action\IndexAction.class.php 第 39 行.
SQL: SHOW COLUMNS FROM `think_data` [ RunTime:0.007151s ]
SQL: SELECT * FROM `think_data`  [ RunTime:0.000319s ]
INFO: [ view_parse ] --START--
INFO: ParseTemplate Behavior ::run [ RunTime:0.015921s ]
INFO: [ view_parse ] --END-- [ RunTime:0.016067s ]
INFO: [ view_filter ] --START--
INFO: ContentReplace Behavior ::run [ RunTime:0.001451s ]
INFO: TokenBuild Behavior ::run [ RunTime:0.002135s ]
INFO: WriteHtmlCache Behavior ::run [ RunTime:0.001566s ]
INFO: ShowRuntime Behavior ::run [ RunTime:0.001934s ]
INFO: [ view_filter ] --END-- [ RunTime:0.007416s ]
INFO: [ view_end ] --START--
INFO: ShowPageTrace Behavior ::run [ RunTime:0.001882s ]
INFO: [ view_end ] --END-- [ RunTime:0.001982s ]

[ 2013-10-25T21:44:35+08:00 ] 127.0.0.1 /phpDemo/?m=Index&a=show
INFO: [ app_begin ] --START--
INFO: ReadHtmlCache Behavior ::run [ RunTime:0.001105s ]
INFO: [ app_begin ] --END-- [ RunTime:0.001232s ]
NOTIC: [2048] Declaration of IndexAction::show() should be compatible with that of Action::show() E:\xampp\htdocs\phpDemo\Home\Lib\Action\IndexAction.class.php 第 39 行.
SQL: SHOW COLUMNS FROM `think_data` [ RunTime:0.007500s ]
SQL: SELECT * FROM `think_data`  [ RunTime:0.000522s ]
INFO: [ view_parse ] --START--
INFO: ParseTemplate Behavior ::run [ RunTime:0.012239s ]
INFO: [ view_parse ] --END-- [ RunTime:0.012386s ]
INFO: [ view_filter ] --START--
INFO: ContentReplace Behavior ::run [ RunTime:0.000962s ]
INFO: TokenBuild Behavior ::run [ RunTime:0.000944s ]
INFO: WriteHtmlCache Behavior ::run [ RunTime:0.000804s ]
INFO: ShowRuntime Behavior ::run [ RunTime:0.001006s ]
INFO: [ view_filter ] --END-- [ RunTime:0.003980s ]
INFO: [ view_end ] --START--
INFO: ShowPageTrace Behavior ::run [ RunTime:0.001231s ]
INFO: [ view_end ] --END-- [ RunTime:0.001320s ]

